{"/home/jazev/dev/archit.us/lib/src/utility/date.ts": {"path":"/home/jazev/dev/archit.us/lib/src/utility/date.ts","statementMap":{"0":{"start":{"line":7,"column":4},"end":{"line":7,"column":75}},"1":{"start":{"line":8,"column":21},"end":{"line":13,"column":4}},"2":{"start":{"line":14,"column":21},"end":{"line":14,"column":54}},"3":{"start":{"line":15,"column":2},"end":{"line":15,"column":52}},"4":{"start":{"line":5,"column":0},"end":{"line":5,"column":16}}},"fnMap":{"0":{"name":"formatDate","decl":{"start":{"line":5,"column":16},"end":{"line":5,"column":26}},"loc":{"start":{"line":5,"column":55},"end":{"line":16,"column":1}}}},"branchMap":{"0":{"loc":{"start":{"line":5,"column":51},"end":{"line":5,"column":55}},"type":"default-arg","locations":[{"start":{"line":5,"column":51},"end":{"line":5,"column":55}}]},"1":{"loc":{"start":{"line":7,"column":36},"end":{"line":7,"column":43}},"type":"cond-expr","locations":[{"start":{"line":7,"column":36},"end":{"line":7,"column":43}},{"start":{"line":7,"column":46},"end":{"line":7,"column":75}}]}},"s":{"0":4,"1":4,"2":4,"3":4,"4":1},"f":{"0":4},"b":{"0":[2],"1":[2,2]}}
}
